[INFO ] [16:41:04] com.gateside.autotesting.Gat.manager.WebUIStepsCaseImporter - create test class name
[INFO ] [16:41:04] com.gateside.autotesting.Gat.manager.WebUIStepsCaseImporter - the test case filepath is:RoleManagerTestCase.
[INFO ] [16:41:04] com.gateside.autotesting.Gat.manager.WebUIStepsCaseImporter - the test class name  is :RoleManagerTestCase
[INFO ] [16:41:04] com.gateside.autotesting.Gat.manager.WebUIStepsCaseImporter - create test class name
[INFO ] [16:41:04] com.gateside.autotesting.Gat.manager.WebUIStepsCaseImporter - the test case filepath is:DoubiPayTestCase.
[INFO ] [16:41:04] com.gateside.autotesting.Gat.manager.WebUIStepsCaseImporter - the test class name  is :DoubiPayTestCase
[INFO ] [16:43:14] com.gateside.autotesting.Gat.manager.WebUIStepsCaseImporter - create test class name
[INFO ] [16:43:14] com.gateside.autotesting.Gat.manager.WebUIStepsCaseImporter - the test case filepath is:RoleManagerTestCase.
[INFO ] [16:43:14] com.gateside.autotesting.Gat.manager.WebUIStepsCaseImporter - the test class name  is :RoleManagerTestCase
[INFO ] [16:43:14] com.gateside.autotesting.Gat.manager.WebUIStepsCaseImporter - create test class name
[INFO ] [16:43:14] com.gateside.autotesting.Gat.manager.WebUIStepsCaseImporter - the test case filepath is:DoubiPayTestCase.
[INFO ] [16:43:14] com.gateside.autotesting.Gat.manager.WebUIStepsCaseImporter - the test class name  is :DoubiPayTestCase
[INFO ] [16:43:38] com.gateside.autotesting.Gat.manager.WebUIStepsCaseImporter - create test class name
[INFO ] [16:43:38] com.gateside.autotesting.Gat.manager.WebUIStepsCaseImporter - the test case filepath is:RoleManagerTestCase.
[INFO ] [16:43:38] com.gateside.autotesting.Gat.manager.WebUIStepsCaseImporter - the test class name  is :RoleManagerTestCase
[INFO ] [16:43:38] com.gateside.autotesting.Gat.manager.WebUIStepsCaseImporter - create test class name
[INFO ] [16:43:38] com.gateside.autotesting.Gat.manager.WebUIStepsCaseImporter - the test case filepath is:DoubiPayTestCase.
[INFO ] [16:43:38] com.gateside.autotesting.Gat.manager.WebUIStepsCaseImporter - the test class name  is :DoubiPayTestCase
[INFO ] [16:44:36] com.gateside.autotesting.Gat.manager.WebUIStepsCaseImporter - create test class name
[INFO ] [16:44:36] com.gateside.autotesting.Gat.manager.WebUIStepsCaseImporter - the test case filepath is:RoleManagerTestCase.
[INFO ] [16:44:36] com.gateside.autotesting.Gat.manager.WebUIStepsCaseImporter - the test class name  is :RoleManagerTestCase
[INFO ] [16:44:37] com.gateside.autotesting.Gat.manager.WebUIStepsCaseImporter - create test class name
[INFO ] [16:44:37] com.gateside.autotesting.Gat.manager.WebUIStepsCaseImporter - the test case filepath is:DoubiPayTestCase.
[INFO ] [16:44:37] com.gateside.autotesting.Gat.manager.WebUIStepsCaseImporter - the test class name  is :DoubiPayTestCase
[INFO ] [16:51:44] com.gateside.autotesting.Gat.manager.WebUIStepsCaseImporter - create test class name
[INFO ] [16:51:44] com.gateside.autotesting.Gat.manager.WebUIStepsCaseImporter - the test case filepath is:RoleManagerTestCase.
[INFO ] [16:51:45] com.gateside.autotesting.Gat.manager.WebUIStepsCaseImporter - the test class name  is :RoleManagerTestCase
[INFO ] [16:51:45] com.gateside.autotesting.Gat.manager.WebUIStepsCaseImporter - create test class name
[INFO ] [16:51:45] com.gateside.autotesting.Gat.manager.WebUIStepsCaseImporter - the test case filepath is:DoubiPayTestCase.
[INFO ] [16:51:45] com.gateside.autotesting.Gat.manager.WebUIStepsCaseImporter - the test class name  is :DoubiPayTestCase
[INFO ] [16:52:49] com.gateside.autotesting.Gat.manager.WebUIStepsCaseImporter - create test class name
[INFO ] [16:52:49] com.gateside.autotesting.Gat.manager.WebUIStepsCaseImporter - the test case filepath is:RoleManagerTestCase.
[INFO ] [16:52:50] com.gateside.autotesting.Gat.manager.WebUIStepsCaseImporter - the test class name  is :RoleManagerTestCase
[INFO ] [16:52:50] com.gateside.autotesting.Gat.manager.WebUIStepsCaseImporter - create test class name
[INFO ] [16:52:50] com.gateside.autotesting.Gat.manager.WebUIStepsCaseImporter - the test case filepath is:DoubiPayTestCase.
[INFO ] [16:52:50] com.gateside.autotesting.Gat.manager.WebUIStepsCaseImporter - the test class name  is :DoubiPayTestCase
[INFO ] [16:54:33] com.gateside.autotesting.Gat.manager.WebUIStepsCaseImporter - create test class name
[INFO ] [16:54:33] com.gateside.autotesting.Gat.manager.WebUIStepsCaseImporter - the test case filepath is:RoleManagerTestCase.
[INFO ] [16:54:33] com.gateside.autotesting.Gat.manager.WebUIStepsCaseImporter - the test class name  is :RoleManagerTestCase
[INFO ] [16:54:33] com.gateside.autotesting.Gat.manager.WebUIStepsCaseImporter - create test class name
[INFO ] [16:54:33] com.gateside.autotesting.Gat.manager.WebUIStepsCaseImporter - the test case filepath is:DoubiPayTestCase.
[INFO ] [16:54:33] com.gateside.autotesting.Gat.manager.WebUIStepsCaseImporter - the test class name  is :DoubiPayTestCase
